<?xml version="1.0" encoding="UTF-8"?>
<testng-results ignored="0" total="4" passed="4" failed="0" skipped="0">
  <reporter-output>
  </reporter-output>
  <suite started-at="2024-09-28T23:00:40 IST" name="User Functionality Suite" finished-at="2024-09-28T23:00:50 IST" duration-ms="9782">
    <groups>
    </groups>
    <test started-at="2024-09-28T23:00:40 IST" name="Login Tests" finished-at="2024-09-28T23:00:40 IST" duration-ms="146">
      <class name="com.tutorialninja.tests.LoginTests">
        <test-method is-config="true" signature="m2()[pri:0, instance:com.tutorialninja.tests.LoginTests@1040be71]" started-at="2024-09-28T23:00:40 IST" name="m2" finished-at="2024-09-28T23:00:40 IST" duration-ms="1" status="PASS">
          <reporter-output>
          </reporter-output>
        </test-method> <!-- m2 -->
        <test-method is-config="true" signature="m3()[pri:0, instance:com.tutorialninja.tests.LoginTests@1040be71]" started-at="2024-09-28T23:00:40 IST" name="m3" finished-at="2024-09-28T23:00:40 IST" duration-ms="0" status="PASS">
          <reporter-output>
          </reporter-output>
        </test-method> <!-- m3 -->
        <test-method is-config="true" signature="m4()[pri:0, instance:com.tutorialninja.tests.LoginTests@1040be71]" started-at="2024-09-28T23:00:40 IST" name="m4" finished-at="2024-09-28T23:00:40 IST" duration-ms="1" status="PASS">
          <reporter-output>
          </reporter-output>
        </test-method> <!-- m4 -->
        <test-method signature="testInvalidLogin()[pri:0, instance:com.tutorialninja.tests.LoginTests@1040be71]" started-at="2024-09-28T23:00:40 IST" name="testInvalidLogin" finished-at="2024-09-28T23:00:40 IST" duration-ms="20" status="PASS">
          <reporter-output>
          </reporter-output>
        </test-method> <!-- testInvalidLogin -->
        <test-method is-config="true" signature="m5()[pri:0, instance:com.tutorialninja.tests.LoginTests@1040be71]" started-at="2024-09-28T23:00:40 IST" name="m5" finished-at="2024-09-28T23:00:40 IST" duration-ms="1" status="PASS">
          <reporter-output>
          </reporter-output>
        </test-method> <!-- m5 -->
        <test-method is-config="true" signature="m4()[pri:0, instance:com.tutorialninja.tests.LoginTests@1040be71]" started-at="2024-09-28T23:00:40 IST" name="m4" finished-at="2024-09-28T23:00:40 IST" duration-ms="1" status="PASS">
          <reporter-output>
          </reporter-output>
        </test-method> <!-- m4 -->
        <test-method signature="testValidLogin()[pri:0, instance:com.tutorialninja.tests.LoginTests@1040be71]" started-at="2024-09-28T23:00:40 IST" name="testValidLogin" finished-at="2024-09-28T23:00:40 IST" duration-ms="3" status="PASS">
          <reporter-output>
          </reporter-output>
        </test-method> <!-- testValidLogin -->
        <test-method is-config="true" signature="m5()[pri:0, instance:com.tutorialninja.tests.LoginTests@1040be71]" started-at="2024-09-28T23:00:40 IST" name="m5" finished-at="2024-09-28T23:00:40 IST" duration-ms="1" status="PASS">
          <reporter-output>
          </reporter-output>
        </test-method> <!-- m5 -->
        <test-method is-config="true" signature="m6()[pri:0, instance:com.tutorialninja.tests.LoginTests@1040be71]" started-at="2024-09-28T23:00:40 IST" name="m6" finished-at="2024-09-28T23:00:40 IST" duration-ms="2" status="PASS">
          <reporter-output>
          </reporter-output>
        </test-method> <!-- m6 -->
        <test-method is-config="true" signature="m7()[pri:0, instance:com.tutorialninja.tests.LoginTests@1040be71]" started-at="2024-09-28T23:00:40 IST" name="m7" finished-at="2024-09-28T23:00:40 IST" duration-ms="0" status="PASS">
          <reporter-output>
          </reporter-output>
        </test-method> <!-- m7 -->
      </class> <!-- com.tutorialninja.tests.LoginTests -->
    </test> <!-- Login Tests -->
    <test started-at="2024-09-28T23:00:40 IST" name="Signup Tests" finished-at="2024-09-28T23:00:50 IST" duration-ms="9509">
      <class name="com.tutorialninja.tests.LoginTests">
        <test-method is-config="true" signature="m1()[pri:0, instance:com.tutorialninja.tests.LoginTests@1040be71]" started-at="2024-09-28T23:00:40 IST" name="m1" finished-at="2024-09-28T23:00:40 IST" duration-ms="35" status="PASS">
          <reporter-output>
          </reporter-output>
        </test-method> <!-- m1 -->
        <test-method is-config="true" signature="m8()[pri:0, instance:com.tutorialninja.tests.LoginTests@1040be71]" started-at="2024-09-28T23:00:50 IST" name="m8" finished-at="2024-09-28T23:00:50 IST" duration-ms="1" status="PASS">
          <reporter-output>
          </reporter-output>
        </test-method> <!-- m8 -->
      </class> <!-- com.tutorialninja.tests.LoginTests -->
      <class name="com.tutorialninja.tests.SignupTests">
        <test-method is-config="true" signature="m1()[pri:0, instance:com.tutorialninja.tests.SignupTests@491b9b8]" started-at="2024-09-28T23:00:40 IST" name="m1" finished-at="2024-09-28T23:00:40 IST" duration-ms="1" status="PASS">
          <reporter-output>
          </reporter-output>
        </test-method> <!-- m1 -->
        <test-method is-config="true" signature="IntializeBrowser(java.lang.String)[pri:0, instance:com.tutorialninja.tests.SignupTests@491b9b8]" started-at="2024-09-28T23:00:40 IST" name="IntializeBrowser" finished-at="2024-09-28T23:00:43 IST" duration-ms="2972" status="PASS">
          <params>
            <param index="0">
              <value>
                <![CDATA[chrome]]>
              </value>
            </param>
          </params>
          <reporter-output>
          </reporter-output>
        </test-method> <!-- IntializeBrowser -->
        <test-method is-config="true" signature="m3()[pri:0, instance:com.tutorialninja.tests.SignupTests@491b9b8]" started-at="2024-09-28T23:00:43 IST" name="m3" finished-at="2024-09-28T23:00:43 IST" duration-ms="2" status="PASS">
          <reporter-output>
          </reporter-output>
        </test-method> <!-- m3 -->
        <test-method is-config="true" signature="m4()[pri:0, instance:com.tutorialninja.tests.SignupTests@491b9b8]" started-at="2024-09-28T23:00:43 IST" name="m4" finished-at="2024-09-28T23:00:43 IST" duration-ms="1" status="PASS">
          <reporter-output>
          </reporter-output>
        </test-method> <!-- m4 -->
        <test-method signature="testInvalidSignup()[pri:0, instance:com.tutorialninja.tests.SignupTests@491b9b8]" started-at="2024-09-28T23:00:43 IST" name="testInvalidSignup" finished-at="2024-09-28T23:00:43 IST" duration-ms="4" status="PASS">
          <reporter-output>
          </reporter-output>
        </test-method> <!-- testInvalidSignup -->
        <test-method is-config="true" signature="m5(long)[pri:0, instance:com.tutorialninja.tests.SignupTests@491b9b8]" started-at="2024-09-28T23:00:43 IST" name="m5" finished-at="2024-09-28T23:00:47 IST" duration-ms="3501" status="PASS">
          <params>
            <param index="0">
              <value>
                <![CDATA[3000]]>
              </value>
            </param>
          </params>
          <reporter-output>
          </reporter-output>
        </test-method> <!-- m5 -->
        <test-method signature="testValidSignup(java.lang.String,java.lang.String)[pri:0, instance:com.tutorialninja.tests.SignupTests@491b9b8]" started-at="2024-09-28T23:00:47 IST" name="testValidSignup" finished-at="2024-09-28T23:00:47 IST" duration-ms="4" status="PASS">
          <params>
            <param index="0">
              <value>
                <![CDATA[gangireddy.chandrahas@gmail.com]]>
              </value>
            </param>
            <param index="1">
              <value>
                <![CDATA[Chandrahas@24]]>
              </value>
            </param>
          </params>
          <reporter-output>
          </reporter-output>
        </test-method> <!-- testValidSignup -->
        <test-method is-config="true" signature="m4()[pri:0, instance:com.tutorialninja.tests.SignupTests@491b9b8]" started-at="2024-09-28T23:00:47 IST" name="m4" finished-at="2024-09-28T23:00:47 IST" duration-ms="0" status="PASS">
          <reporter-output>
          </reporter-output>
        </test-method> <!-- m4 -->
        <test-method is-config="true" signature="m5(long)[pri:0, instance:com.tutorialninja.tests.SignupTests@491b9b8]" started-at="2024-09-28T23:00:47 IST" name="m5" finished-at="2024-09-28T23:00:50 IST" duration-ms="3007" status="PASS">
          <params>
            <param index="0">
              <value>
                <![CDATA[3000]]>
              </value>
            </param>
          </params>
          <reporter-output>
          </reporter-output>
        </test-method> <!-- m5 -->
        <test-method is-config="true" signature="m6()[pri:0, instance:com.tutorialninja.tests.SignupTests@491b9b8]" started-at="2024-09-28T23:00:50 IST" name="m6" finished-at="2024-09-28T23:00:50 IST" duration-ms="1" status="PASS">
          <reporter-output>
          </reporter-output>
        </test-method> <!-- m6 -->
        <test-method is-config="true" signature="m7()[pri:0, instance:com.tutorialninja.tests.SignupTests@491b9b8]" started-at="2024-09-28T23:00:50 IST" name="m7" finished-at="2024-09-28T23:00:50 IST" duration-ms="1" status="PASS">
          <reporter-output>
          </reporter-output>
        </test-method> <!-- m7 -->
        <test-method is-config="true" signature="m8()[pri:0, instance:com.tutorialninja.tests.SignupTests@491b9b8]" started-at="2024-09-28T23:00:50 IST" name="m8" finished-at="2024-09-28T23:00:50 IST" duration-ms="1" status="PASS">
          <reporter-output>
          </reporter-output>
        </test-method> <!-- m8 -->
      </class> <!-- com.tutorialninja.tests.SignupTests -->
    </test> <!-- Signup Tests -->
  </suite> <!-- User Functionality Suite -->
</testng-results>
