<?xml version="1.0" encoding="UTF-8"?>
<!-- Generated by org.testng.reporters.JUnitXMLReporter -->
<testsuite ignored="0" hostname="Chandrahas_24" failures="0" tests="7" name=" LoginTest" time="0.041" errors="0" timestamp="2024-09-07T16:46:16 IST">
  <testcase classname="Sample.Login" name="VerifyLoginWithValidCrendentials" time="0.003"/>
  <testcase classname="Sample.Login" name="verifyLoginWithInvalidCrendentials" time="0.003"/>
  <testcase classname="Sample.Login" name="verifyLoginWithValidEmailandInvalidPassword" time="0.003"/>
  <testcase classname="Sample.Login" name="verifyLoginWithInvalidEmailandValidPassword" time="0.002"/>
  <testcase classname="Sample.Login" name="verifyLoginWithoutCrendentials" time="0.001"/>
  <testcase classname="Sample.Login" name="verifyLoginForgotLinkIsVisible" time="0.001"/>
  <testcase classname="Sample.Login" name="verifyForgotLinkNavigatation" time="0.001"/>
</testsuite> <!--  LoginTest -->
