<?xml version="1.0" encoding="UTF-8"?>
<!-- Generated by org.testng.reporters.JUnitXMLReporter -->
<testsuite ignored="0" hostname="Chandrahas_24" failures="0" tests="6" name="LoginTest" time="34.964" errors="0" timestamp="2024-09-28T18:31:13 IST">
  <testcase classname="com.tutorialninja.tests.Login" name="verifyLoginWithValidCredentials" time="16.237"/>
  <testcase classname="com.tutorialninja.tests.Login" name="verifyLoginWithInvalidCredentials" time="0.595"/>
  <testcase classname="com.tutorialninja.tests.Login" name="verifyLoginWithValidEmailAndInvalidPassword" time="0.494"/>
  <testcase classname="com.tutorialninja.tests.Login" name="verifyLoginWithInvalidEmailAndValidPassword" time="0.622"/>
  <testcase classname="com.tutorialninja.tests.Login" name="verifyLoginWithoutEmail" time="0.335"/>
  <testcase classname="com.tutorialninja.tests.Login" name="verifyLoginWithoutPassword" time="0.327"/>
</testsuite> <!-- LoginTest -->
