<?xml version="1.0" encoding="UTF-8"?>
<!-- Generated by org.testng.reporters.JUnitXMLReporter -->
<testsuite ignored="0" hostname="Chandrahas_24" failures="0" tests="7" name="RegisterTest" time="0.156" errors="0" timestamp="2024-09-07T16:46:16 IST">
  <testcase classname="Sample.Register" name="verifyRegisterWithAllFields" time="0.025"/>
  <testcase classname="Sample.Register" name="VerifyRegisterWithMandatoryFields" time="0.003"/>
  <testcase classname="Sample.Register" name="verifyRegisterWithOutAllFields" time="0.003"/>
  <testcase classname="Sample.Register" name="verifyRegisterWithDuplicateEmail" time="0.003"/>
  <testcase classname="Sample.Register" name="verifyRegisterInvalidEmail" time="0.003"/>
  <testcase classname="Sample.Register" name="verifyRegisterInvalidPhoneNumber" time="0.003"/>
  <testcase classname="Sample.Register" name="verifyAllRegisterFieldsHavePlaceHolders" time="0.003"/>
</testsuite> <!-- RegisterTest -->
