<?xml version="1.0" encoding="UTF-8"?>
<!-- Generated by org.testng.reporters.JUnitXMLReporter -->
<testsuite ignored="0" hostname="Chandrahas_24" failures="0" tests="7" name="SearchTest" time="0.029" errors="0" timestamp="2024-09-07T16:46:16 IST">
  <testcase classname="Sample.Search" name="verifySearchWithExistingProduct" time="0.002"/>
  <testcase classname="Sample.Search" name="verifySearchWithNonExistingProduct" time="0.001"/>
  <testcase classname="Sample.Search" name="verifySearchWithOutProductName" time="0.001"/>
  <testcase classname="Sample.Search" name="verifySearchProductByCategory" time="0.001"/>
  <testcase classname="Sample.Search" name="verifySearchProductSubCategories" time="0.002"/>
  <testcase classname="Sample.Search" name="verifySearchInputTextFiledPlacholderText" time="0.001"/>
  <testcase classname="Sample.Search" name="verifyNaviagatingSearchPageUsingSiteMap" time="0.001"/>
</testsuite> <!-- SearchTest -->
