<?xml version="1.0" encoding="UTF-8"?>
<!-- Generated by org.testng.reporters.JUnitXMLReporter -->
<testsuite ignored="4" hostname="Chandrahas_24" failures="0" tests="1" name="TestTwo" time="8.524" errors="0" timestamp="2024-09-28T18:28:05 IST">
  <testcase classname="com.tutorialninja.tests.OpenCartLogin" name="verifyUserLoginWithInvalidUserNameAndInValidPassword" time="5.876"/>
  <testcase classname="com.tutorialninja.tests.OpenCartLogin" name="verifyUserLoginWithValidCrendentials" time="0.0">
    <ignored/>
  </testcase> <!-- verifyUserLoginWithValidCrendentials -->
  <testcase classname="com.tutorialninja.tests.OpenCartLogin" name="verifyUserLoginWithOutGivingCrendentials" time="0.0">
    <ignored/>
  </testcase> <!-- verifyUserLoginWithOutGivingCrendentials -->
  <testcase classname="com.tutorialninja.tests.OpenCartLogin" name="verifyUserLoginWithValidUserNameAndInvalidPassword" time="0.0">
    <ignored/>
  </testcase> <!-- verifyUserLoginWithValidUserNameAndInvalidPassword -->
  <testcase classname="com.tutorialninja.tests.OpenCartLogin" name="verifyUserLoginWithInvalidUserNameAndValidPassword" time="0.0">
    <ignored/>
  </testcase> <!-- verifyUserLoginWithInvalidUserNameAndValidPassword -->
</testsuite> <!-- TestTwo -->
