<?xml version="1.0" encoding="UTF-8"?>
<!-- Generated by org.testng.reporters.JUnitXMLReporter -->
<testsuite ignored="2" hostname="Chandrahas_24" failures="0" tests="3" name="TestOne" time="69.73" errors="0" timestamp="2024-09-28T18:27:56 IST">
  <testcase classname="com.tutorialninja.tests.OpenCartLogin" name="verifyUserLoginWithValidCrendentials" time="36.509"/>
  <testcase classname="com.tutorialninja.tests.OpenCartLogin" name="verifyUserLoginWithValidUserNameAndInvalidPassword" time="2.114"/>
  <testcase classname="com.tutorialninja.tests.OpenCartLogin" name="verifyUserLoginWithInvalidUserNameAndValidPassword" time="18.783"/>
  <testcase classname="com.tutorialninja.tests.OpenCartLogin" name="verifyUserLoginWithInvalidUserNameAndInValidPassword" time="0.0">
    <ignored/>
  </testcase> <!-- verifyUserLoginWithInvalidUserNameAndInValidPassword -->
  <testcase classname="com.tutorialninja.tests.OpenCartLogin" name="verifyUserLoginWithOutGivingCrendentials" time="0.0">
    <ignored/>
  </testcase> <!-- verifyUserLoginWithOutGivingCrendentials -->
</testsuite> <!-- TestOne -->
